2025-01-10 15:18:41.981 [PROD] [GENIO]  INFO 5640 --- [main] c.g.GenioServiceApplication              : L'application démarre...
2025-01-10 15:18:42.102 [PROD] [GENIO]  INFO 5640 --- [background-preinit] o.h.v.i.u.Version                        : HV000001: Hibernate Validator 8.0.2.Final
2025-01-10 15:18:42.116 [PROD] [GENIO]  INFO 5640 --- [main] c.g.GenioServiceApplication              : Starting GenioServiceApplication using Java 17.0.13 with PID 5640 (/Users/ehadjadj/Desktop/iut 3 eme annee/sae-remplcament/GenioService/target/classes started by ehadjadj in /Users/ehadjadj/Desktop/iut 3 eme annee/sae-remplcament/GenioService)
2025-01-10 15:18:42.117 [PROD] [GENIO]  INFO 5640 --- [main] c.g.GenioServiceApplication              : The following 1 profile is active: "dev"
2025-01-10 15:18:42.313 [PROD] [GENIO]  INFO 5640 --- [main] .s.d.r.c.RepositoryConfigurationDelegate : Bootstrapping Spring Data JPA repositories in DEFAULT mode.
2025-01-10 15:18:42.334 [PROD] [GENIO]  INFO 5640 --- [main] .s.d.r.c.RepositoryConfigurationDelegate : Finished Spring Data repository scanning in 18 ms. Found 7 JPA repository interfaces.
2025-01-10 15:18:42.498 [PROD] [GENIO]  INFO 5640 --- [main] o.s.b.w.e.t.TomcatWebServer              : Tomcat initialized with port 8080 (http)
2025-01-10 15:18:42.503 [PROD] [GENIO]  INFO 5640 --- [main] o.a.c.h.Http11NioProtocol                : Initializing ProtocolHandler ["http-nio-8080"]
2025-01-10 15:18:42.503 [PROD] [GENIO]  INFO 5640 --- [main] o.a.c.c.StandardService                  : Starting service [Tomcat]
2025-01-10 15:18:42.503 [PROD] [GENIO]  INFO 5640 --- [main] o.a.c.c.StandardEngine                   : Starting Servlet engine: [Apache Tomcat/10.1.34]
2025-01-10 15:18:42.526 [PROD] [GENIO]  INFO 5640 --- [main] o.a.c.c.C.[.[.[/]                        : Initializing Spring embedded WebApplicationContext
2025-01-10 15:18:42.526 [PROD] [GENIO]  INFO 5640 --- [main] w.s.c.ServletWebServerApplicationContext : Root WebApplicationContext: initialization completed in 398 ms
2025-01-10 15:18:42.576 [PROD] [GENIO]  INFO 5640 --- [main] o.h.j.i.u.LogHelper                      : HHH000204: Processing PersistenceUnitInfo [name: default]
2025-01-10 15:18:42.596 [PROD] [GENIO]  INFO 5640 --- [main] o.h.Version                              : HHH000412: Hibernate ORM core version 6.6.4.Final
2025-01-10 15:18:42.606 [PROD] [GENIO]  INFO 5640 --- [main] o.h.c.i.RegionFactoryInitiator           : HHH000026: Second-level cache disabled
2025-01-10 15:18:42.686 [PROD] [GENIO]  INFO 5640 --- [main] o.s.o.j.p.SpringPersistenceUnitInfo      : No LoadTimeWeaver setup: ignoring JPA class transformer
2025-01-10 15:18:42.696 [PROD] [GENIO]  INFO 5640 --- [main] c.z.h.HikariDataSource                   : HikariPool-1 - Starting...
2025-01-10 15:18:42.807 [PROD] [GENIO]  INFO 5640 --- [main] c.z.h.p.HikariPool                       : HikariPool-1 - Added connection com.mysql.cj.jdbc.ConnectionImpl@2aa07d80
2025-01-10 15:18:42.807 [PROD] [GENIO]  INFO 5640 --- [main] c.z.h.HikariDataSource                   : HikariPool-1 - Start completed.
2025-01-10 15:18:42.837 [PROD] [GENIO]  INFO 5640 --- [main] o.h.o.c.pooling                          : HHH10001005: Database info:
	Database JDBC URL [Connecting through datasource 'HikariDataSource (HikariPool-1)']
	Database driver: undefined/unknown
	Database version: 9.0.1
	Autocommit mode: undefined/unknown
	Isolation level: undefined/unknown
	Minimum pool size: undefined/unknown
	Maximum pool size: undefined/unknown
2025-01-10 15:18:43.131 [PROD] [GENIO]  INFO 5640 --- [main] o.h.e.t.j.p.i.JtaPlatformInitiator       : HHH000489: No JTA platform available (set 'hibernate.transaction.jta.platform' to enable JTA platform integration)
2025-01-10 15:18:43.179 [PROD] [GENIO]  INFO 5640 --- [main] j.LocalContainerEntityManagerFactoryBean : Initialized JPA EntityManagerFactory for persistence unit 'default'
2025-01-10 15:18:43.314 [PROD] [GENIO]  WARN 5640 --- [main] JpaBaseConfiguration$JpaWebConfiguration : spring.jpa.open-in-view is enabled by default. Therefore, database queries may be performed during view rendering. Explicitly configure spring.jpa.open-in-view to disable this warning
2025-01-10 15:18:43.519 [PROD] [GENIO]  INFO 5640 --- [main] o.a.c.h.Http11NioProtocol                : Starting ProtocolHandler ["http-nio-8080"]
2025-01-10 15:18:43.523 [PROD] [GENIO]  INFO 5640 --- [main] o.s.b.w.e.t.TomcatWebServer              : Tomcat started on port 8080 (http) with context path '/'
2025-01-10 15:18:43.527 [PROD] [GENIO]  INFO 5640 --- [main] c.g.GenioServiceApplication              : Started GenioServiceApplication in 1.52 seconds (process running for 1.845)
2025-01-10 15:18:43.542 [PROD] [GENIO]  INFO 5640 --- [main] c.g.GenioServiceApplication              : This is an INFO message
2025-01-10 15:18:43.542 [PROD] [GENIO]  WARN 5640 --- [main] c.g.GenioServiceApplication              : This is a WARN message
2025-01-10 15:18:43.542 [PROD] [GENIO] ERROR 5640 --- [main] c.g.GenioServiceApplication              : This is an ERROR message
