2025-01-09 15:07:15.371 [PROD] [GENIO]  INFO 11240 --- [main] c.g.GenioServiceApplication              : L'application démarre...
2025-01-09 15:07:15.567 [PROD] [GENIO]  INFO 11240 --- [background-preinit] o.h.v.i.u.Version                        : HV000001: Hibernate Validator 8.0.2.Final
2025-01-09 15:07:15.592 [PROD] [GENIO]  INFO 11240 --- [main] c.g.GenioServiceApplication              : Starting GenioServiceApplication using Java 17.0.13 with PID 11240 (/Users/ehadjadj/Desktop/iut 3 eme annee/sae-remplcament/GenioService/target/classes started by ehadjadj in /Users/ehadjadj/Desktop/iut 3 eme annee/sae-remplcament/GenioService)
2025-01-09 15:07:15.594 [PROD] [GENIO]  INFO 11240 --- [main] c.g.GenioServiceApplication              : The following 1 profile is active: "dev"
2025-01-09 15:07:15.927 [PROD] [GENIO]  INFO 11240 --- [main] .s.d.r.c.RepositoryConfigurationDelegate : Bootstrapping Spring Data JPA repositories in DEFAULT mode.
2025-01-09 15:07:15.964 [PROD] [GENIO]  INFO 11240 --- [main] .s.d.r.c.RepositoryConfigurationDelegate : Finished Spring Data repository scanning in 32 ms. Found 7 JPA repository interfaces.
2025-01-09 15:07:16.227 [PROD] [GENIO]  INFO 11240 --- [main] o.s.b.w.e.t.TomcatWebServer              : Tomcat initialized with port 8080 (http)
2025-01-09 15:07:16.235 [PROD] [GENIO]  INFO 11240 --- [main] o.a.c.h.Http11NioProtocol                : Initializing ProtocolHandler ["http-nio-8080"]
2025-01-09 15:07:16.236 [PROD] [GENIO]  INFO 11240 --- [main] o.a.c.c.StandardService                  : Starting service [Tomcat]
2025-01-09 15:07:16.236 [PROD] [GENIO]  INFO 11240 --- [main] o.a.c.c.StandardEngine                   : Starting Servlet engine: [Apache Tomcat/10.1.34]
2025-01-09 15:07:16.265 [PROD] [GENIO]  INFO 11240 --- [main] o.a.c.c.C.[.[.[/]                        : Initializing Spring embedded WebApplicationContext
2025-01-09 15:07:16.265 [PROD] [GENIO]  INFO 11240 --- [main] w.s.c.ServletWebServerApplicationContext : Root WebApplicationContext: initialization completed in 652 ms
2025-01-09 15:07:16.348 [PROD] [GENIO]  INFO 11240 --- [main] o.h.j.i.u.LogHelper                      : HHH000204: Processing PersistenceUnitInfo [name: default]
2025-01-09 15:07:16.381 [PROD] [GENIO]  INFO 11240 --- [main] o.h.Version                              : HHH000412: Hibernate ORM core version 6.6.4.Final
2025-01-09 15:07:16.400 [PROD] [GENIO]  INFO 11240 --- [main] o.h.c.i.RegionFactoryInitiator           : HHH000026: Second-level cache disabled
2025-01-09 15:07:16.555 [PROD] [GENIO]  INFO 11240 --- [main] o.s.o.j.p.SpringPersistenceUnitInfo      : No LoadTimeWeaver setup: ignoring JPA class transformer
2025-01-09 15:07:16.572 [PROD] [GENIO]  INFO 11240 --- [main] c.z.h.HikariDataSource                   : HikariPool-1 - Starting...
2025-01-09 15:07:16.734 [PROD] [GENIO]  INFO 11240 --- [main] c.z.h.p.HikariPool                       : HikariPool-1 - Added connection com.mysql.cj.jdbc.ConnectionImpl@68c4a860
2025-01-09 15:07:16.735 [PROD] [GENIO]  INFO 11240 --- [main] c.z.h.HikariDataSource                   : HikariPool-1 - Start completed.
2025-01-09 15:07:16.788 [PROD] [GENIO]  INFO 11240 --- [main] o.h.o.c.pooling                          : HHH10001005: Database info:
	Database JDBC URL [Connecting through datasource 'HikariDataSource (HikariPool-1)']
	Database driver: undefined/unknown
	Database version: 9.0.1
	Autocommit mode: undefined/unknown
	Isolation level: undefined/unknown
	Minimum pool size: undefined/unknown
	Maximum pool size: undefined/unknown
2025-01-09 15:07:17.297 [PROD] [GENIO]  INFO 11240 --- [main] o.h.e.t.j.p.i.JtaPlatformInitiator       : HHH000489: No JTA platform available (set 'hibernate.transaction.jta.platform' to enable JTA platform integration)
2025-01-09 15:07:17.357 [PROD] [GENIO]  INFO 11240 --- [main] j.LocalContainerEntityManagerFactoryBean : Initialized JPA EntityManagerFactory for persistence unit 'default'
2025-01-09 15:07:17.577 [PROD] [GENIO]  WARN 11240 --- [main] JpaBaseConfiguration$JpaWebConfiguration : spring.jpa.open-in-view is enabled by default. Therefore, database queries may be performed during view rendering. Explicitly configure spring.jpa.open-in-view to disable this warning
2025-01-09 15:07:17.908 [PROD] [GENIO]  INFO 11240 --- [main] o.a.c.h.Http11NioProtocol                : Starting ProtocolHandler ["http-nio-8080"]
2025-01-09 15:07:17.916 [PROD] [GENIO]  INFO 11240 --- [main] o.s.b.w.e.t.TomcatWebServer              : Tomcat started on port 8080 (http) with context path '/'
2025-01-09 15:07:17.923 [PROD] [GENIO]  INFO 11240 --- [main] c.g.GenioServiceApplication              : Started GenioServiceApplication in 2.501 seconds (process running for 3.127)
2025-01-09 15:07:17.940 [PROD] [GENIO]  INFO 11240 --- [main] c.g.GenioServiceApplication              : This is an INFO message
2025-01-09 15:07:17.940 [PROD] [GENIO]  WARN 11240 --- [main] c.g.GenioServiceApplication              : This is a WARN message
2025-01-09 15:07:17.940 [PROD] [GENIO] ERROR 11240 --- [main] c.g.GenioServiceApplication              : This is an ERROR message
2025-01-09 15:07:51.146 [PROD] [GENIO]  INFO 11240 --- [http-nio-8080-exec-2] o.a.c.c.C.[.[.[/]                        : Initializing Spring DispatcherServlet 'dispatcherServlet'
2025-01-09 15:07:51.147 [PROD] [GENIO]  INFO 11240 --- [http-nio-8080-exec-2] o.s.w.s.DispatcherServlet                : Initializing Servlet 'dispatcherServlet'
2025-01-09 15:07:51.148 [PROD] [GENIO]  INFO 11240 --- [http-nio-8080-exec-2] o.s.w.s.DispatcherServlet                : Completed initialization in 0 ms
2025-01-09 15:07:51.253 [PROD] [GENIO]  INFO 11240 --- [http-nio-8080-exec-2] c.g.c.GenioController                    : Requête reçue pour générer une convention avec format : docx
2025-01-09 15:07:51.254 [PROD] [GENIO]  INFO 11240 --- [http-nio-8080-exec-2] c.g.s.i.GenioServiceImpl                 : Début de la génération de convention pour le modèle ID : 99
2025-01-09 15:07:51.287 [PROD] [GENIO] DEBUG 11240 --- [http-nio-8080-exec-2] o.h.SQL                                  : 
    select
        m1_0.id,
        m1_0.annee,
        m1_0.fichier_binaire,
        m1_0.nom 
    from
        modele m1_0 
    where
        m1_0.id=?
2025-01-09 15:07:51.381 [PROD] [GENIO]  WARN 11240 --- [http-nio-8080-exec-2] c.g.s.i.GenioServiceImpl                 : Des erreurs de validation ont été détectées : {maitreDeStage.telephone=Le téléphone du tuteur doit être au format XX.XX.XX.XX.XX.}
2025-01-09 15:07:51.382 [PROD] [GENIO]  INFO 11240 --- [http-nio-8080-exec-2] c.g.s.i.GenioServiceImpl                 : Début de la sauvegarde de l'historisation avec le statut : ECHEC
2025-01-09 15:07:51.411 [PROD] [GENIO] DEBUG 11240 --- [http-nio-8080-exec-2] o.h.SQL                                  : 
    insert 
    into
        historisation
        (convention_id, details, docx_binaire, flux_json_binaire, pdf_binaire, status, timestamp) 
    values
        (?, ?, ?, ?, ?, ?, ?)
2025-01-09 15:07:51.429 [PROD] [GENIO]  INFO 11240 --- [http-nio-8080-exec-2] c.g.s.i.GenioServiceImpl                 : Historisation sauvegardée avec succès.
2025-01-09 15:07:51.431 [PROD] [GENIO] DEBUG 11240 --- [http-nio-8080-exec-2] o.h.SQL                                  : 
    insert 
    into
        error_details
        (champs_manquants, historisation_id, message_erreur) 
    values
        (?, ?, ?)
2025-01-09 15:07:51.435 [PROD] [GENIO]  WARN 11240 --- [http-nio-8080-exec-2] c.g.s.i.GenioServiceImpl                 : Des détails d'erreurs ont été enregistrés.
2025-01-09 15:07:51.435 [PROD] [GENIO]  WARN 11240 --- [http-nio-8080-exec-2] c.g.c.GenioController                    : Erreur lors de la génération de la convention : Les erreurs suivantes ont été détectées : Le champ 'maitreDeStage.telephone' : Le téléphone du tuteur doit être au format XX.XX.XX.XX.XX.
