2025-01-09 15:04:27.574 [PROD] [GENIO]  INFO 11084 --- [main] c.g.GenioServiceApplication              : L'application démarre...
2025-01-09 15:04:27.754 [PROD] [GENIO]  INFO 11084 --- [background-preinit] o.h.v.i.u.Version                        : HV000001: Hibernate Validator 8.0.2.Final
2025-01-09 15:04:27.777 [PROD] [GENIO]  INFO 11084 --- [main] c.g.GenioServiceApplication              : Starting GenioServiceApplication using Java 17.0.13 with PID 11084 (/Users/ehadjadj/Desktop/iut 3 eme annee/sae-remplcament/GenioService/target/classes started by ehadjadj in /Users/ehadjadj/Desktop/iut 3 eme annee/sae-remplcament/GenioService)
2025-01-09 15:04:27.778 [PROD] [GENIO]  INFO 11084 --- [main] c.g.GenioServiceApplication              : The following 1 profile is active: "-Dspring.profiles.active=prod"
2025-01-09 15:04:28.086 [PROD] [GENIO]  INFO 11084 --- [main] .s.d.r.c.RepositoryConfigurationDelegate : Bootstrapping Spring Data JPA repositories in DEFAULT mode.
2025-01-09 15:04:28.122 [PROD] [GENIO]  INFO 11084 --- [main] .s.d.r.c.RepositoryConfigurationDelegate : Finished Spring Data repository scanning in 31 ms. Found 7 JPA repository interfaces.
2025-01-09 15:04:28.368 [PROD] [GENIO]  INFO 11084 --- [main] o.s.b.w.e.t.TomcatWebServer              : Tomcat initialized with port 8080 (http)
2025-01-09 15:04:28.375 [PROD] [GENIO]  INFO 11084 --- [main] o.a.c.h.Http11NioProtocol                : Initializing ProtocolHandler ["http-nio-8080"]
2025-01-09 15:04:28.376 [PROD] [GENIO]  INFO 11084 --- [main] o.a.c.c.StandardService                  : Starting service [Tomcat]
2025-01-09 15:04:28.376 [PROD] [GENIO]  INFO 11084 --- [main] o.a.c.c.StandardEngine                   : Starting Servlet engine: [Apache Tomcat/10.1.34]
2025-01-09 15:04:28.403 [PROD] [GENIO]  INFO 11084 --- [main] o.a.c.c.C.[.[.[/]                        : Initializing Spring embedded WebApplicationContext
2025-01-09 15:04:28.403 [PROD] [GENIO]  INFO 11084 --- [main] w.s.c.ServletWebServerApplicationContext : Root WebApplicationContext: initialization completed in 605 ms
2025-01-09 15:04:28.479 [PROD] [GENIO]  INFO 11084 --- [main] o.h.j.i.u.LogHelper                      : HHH000204: Processing PersistenceUnitInfo [name: default]
2025-01-09 15:04:28.507 [PROD] [GENIO]  INFO 11084 --- [main] o.h.Version                              : HHH000412: Hibernate ORM core version 6.6.4.Final
2025-01-09 15:04:28.523 [PROD] [GENIO]  INFO 11084 --- [main] o.h.c.i.RegionFactoryInitiator           : HHH000026: Second-level cache disabled
2025-01-09 15:04:28.671 [PROD] [GENIO]  INFO 11084 --- [main] o.s.o.j.p.SpringPersistenceUnitInfo      : No LoadTimeWeaver setup: ignoring JPA class transformer
2025-01-09 15:04:28.689 [PROD] [GENIO]  INFO 11084 --- [main] c.z.h.HikariDataSource                   : HikariPool-1 - Starting...
2025-01-09 15:04:28.860 [PROD] [GENIO]  INFO 11084 --- [main] c.z.h.p.HikariPool                       : HikariPool-1 - Added connection com.mysql.cj.jdbc.ConnectionImpl@727956bb
2025-01-09 15:04:28.861 [PROD] [GENIO]  INFO 11084 --- [main] c.z.h.HikariDataSource                   : HikariPool-1 - Start completed.
2025-01-09 15:04:28.918 [PROD] [GENIO]  INFO 11084 --- [main] o.h.o.c.pooling                          : HHH10001005: Database info:
	Database JDBC URL [Connecting through datasource 'HikariDataSource (HikariPool-1)']
	Database driver: undefined/unknown
	Database version: 9.0.1
	Autocommit mode: undefined/unknown
	Isolation level: undefined/unknown
	Minimum pool size: undefined/unknown
	Maximum pool size: undefined/unknown
2025-01-09 15:04:29.455 [PROD] [GENIO]  INFO 11084 --- [main] o.h.e.t.j.p.i.JtaPlatformInitiator       : HHH000489: No JTA platform available (set 'hibernate.transaction.jta.platform' to enable JTA platform integration)
2025-01-09 15:04:29.513 [PROD] [GENIO]  INFO 11084 --- [main] j.LocalContainerEntityManagerFactoryBean : Initialized JPA EntityManagerFactory for persistence unit 'default'
2025-01-09 15:04:29.740 [PROD] [GENIO]  WARN 11084 --- [main] JpaBaseConfiguration$JpaWebConfiguration : spring.jpa.open-in-view is enabled by default. Therefore, database queries may be performed during view rendering. Explicitly configure spring.jpa.open-in-view to disable this warning
2025-01-09 15:04:30.108 [PROD] [GENIO]  INFO 11084 --- [main] o.a.c.h.Http11NioProtocol                : Starting ProtocolHandler ["http-nio-8080"]
2025-01-09 15:04:30.119 [PROD] [GENIO]  INFO 11084 --- [main] o.s.b.w.e.t.TomcatWebServer              : Tomcat started on port 8080 (http) with context path '/'
2025-01-09 15:04:30.126 [PROD] [GENIO]  INFO 11084 --- [main] c.g.GenioServiceApplication              : Started GenioServiceApplication in 2.51 seconds (process running for 3.081)
2025-01-09 15:04:30.152 [PROD] [GENIO]  INFO 11084 --- [main] c.g.GenioServiceApplication              : This is an INFO message
2025-01-09 15:04:30.152 [PROD] [GENIO]  WARN 11084 --- [main] c.g.GenioServiceApplication              : This is a WARN message
2025-01-09 15:04:30.152 [PROD] [GENIO] ERROR 11084 --- [main] c.g.GenioServiceApplication              : This is an ERROR message
2025-01-09 15:05:02.505 [PROD] [GENIO]  INFO 11084 --- [http-nio-8080-exec-2] o.a.c.c.C.[.[.[/]                        : Initializing Spring DispatcherServlet 'dispatcherServlet'
2025-01-09 15:05:02.505 [PROD] [GENIO]  INFO 11084 --- [http-nio-8080-exec-2] o.s.w.s.DispatcherServlet                : Initializing Servlet 'dispatcherServlet'
2025-01-09 15:05:02.506 [PROD] [GENIO]  INFO 11084 --- [http-nio-8080-exec-2] o.s.w.s.DispatcherServlet                : Completed initialization in 1 ms
2025-01-09 15:05:02.618 [PROD] [GENIO]  INFO 11084 --- [http-nio-8080-exec-2] c.g.c.GenioController                    : Requête reçue pour générer une convention avec format : docx
2025-01-09 15:05:02.618 [PROD] [GENIO]  INFO 11084 --- [http-nio-8080-exec-2] c.g.s.i.GenioServiceImpl                 : Début de la génération de convention pour le modèle ID : 99
2025-01-09 15:05:02.646 [PROD] [GENIO] DEBUG 11084 --- [http-nio-8080-exec-2] o.h.SQL                                  : 
    select
        m1_0.id,
        m1_0.annee,
        m1_0.fichier_binaire,
        m1_0.nom 
    from
        modele m1_0 
    where
        m1_0.id=?
2025-01-09 15:05:02.670 [PROD] [GENIO]  WARN 11084 --- [http-nio-8080-exec-2] c.g.s.i.GenioServiceImpl                 : Des erreurs de validation ont été détectées : {maitreDeStage.telephone=Le téléphone du tuteur doit être au format XX.XX.XX.XX.XX.}
2025-01-09 15:05:02.670 [PROD] [GENIO]  INFO 11084 --- [http-nio-8080-exec-2] c.g.s.i.GenioServiceImpl                 : Début de la sauvegarde de l'historisation avec le statut : ECHEC
2025-01-09 15:05:02.697 [PROD] [GENIO] DEBUG 11084 --- [http-nio-8080-exec-2] o.h.SQL                                  : 
    insert 
    into
        historisation
        (convention_id, details, docx_binaire, flux_json_binaire, pdf_binaire, status, timestamp) 
    values
        (?, ?, ?, ?, ?, ?, ?)
2025-01-09 15:05:02.712 [PROD] [GENIO]  INFO 11084 --- [http-nio-8080-exec-2] c.g.s.i.GenioServiceImpl                 : Historisation sauvegardée avec succès.
2025-01-09 15:05:02.713 [PROD] [GENIO] DEBUG 11084 --- [http-nio-8080-exec-2] o.h.SQL                                  : 
    insert 
    into
        error_details
        (champs_manquants, historisation_id, message_erreur) 
    values
        (?, ?, ?)
2025-01-09 15:05:02.718 [PROD] [GENIO]  WARN 11084 --- [http-nio-8080-exec-2] c.g.s.i.GenioServiceImpl                 : Des détails d'erreurs ont été enregistrés.
2025-01-09 15:05:02.718 [PROD] [GENIO]  WARN 11084 --- [http-nio-8080-exec-2] c.g.c.GenioController                    : Erreur lors de la génération de la convention : Les erreurs suivantes ont été détectées : Le champ 'maitreDeStage.telephone' : Le téléphone du tuteur doit être au format XX.XX.XX.XX.XX.
2025-01-09 15:06:04.383 [PROD] [GENIO]  INFO 11084 --- [SpringApplicationShutdownHook] o.s.b.w.e.t.GracefulShutdown             : Commencing graceful shutdown. Waiting for active requests to complete
2025-01-09 15:06:04.386 [PROD] [GENIO]  INFO 11084 --- [tomcat-shutdown] o.s.b.w.e.t.GracefulShutdown             : Graceful shutdown complete
2025-01-09 15:06:04.388 [PROD] [GENIO]  INFO 11084 --- [SpringApplicationShutdownHook] j.LocalContainerEntityManagerFactoryBean : Closing JPA EntityManagerFactory for persistence unit 'default'
2025-01-09 15:06:04.390 [PROD] [GENIO]  INFO 11084 --- [SpringApplicationShutdownHook] c.z.h.HikariDataSource                   : HikariPool-1 - Shutdown initiated...
2025-01-09 15:06:04.393 [PROD] [GENIO]  INFO 11084 --- [SpringApplicationShutdownHook] c.z.h.HikariDataSource                   : HikariPool-1 - Shutdown completed.
