2025-01-09 15:01:49.575 [PROD] [GENIO]  INFO 11005 --- [main] c.g.GenioServiceApplication              : L'application démarre...
2025-01-09 15:01:49.761 [PROD] [GENIO]  INFO 11005 --- [background-preinit] o.h.v.i.u.Version                        : HV000001: Hibernate Validator 8.0.2.Final
2025-01-09 15:01:49.782 [PROD] [GENIO]  INFO 11005 --- [main] c.g.GenioServiceApplication              : Starting GenioServiceApplication using Java 17.0.13 with PID 11005 (/Users/ehadjadj/Desktop/iut 3 eme annee/sae-remplcament/GenioService/target/classes started by ehadjadj in /Users/ehadjadj/Desktop/iut 3 eme annee/sae-remplcament/GenioService)
2025-01-09 15:01:49.784 [PROD] [GENIO]  INFO 11005 --- [main] c.g.GenioServiceApplication              : The following 1 profile is active: "-Dspring.profiles.active=prod"
2025-01-09 15:01:50.077 [PROD] [GENIO]  INFO 11005 --- [main] .s.d.r.c.RepositoryConfigurationDelegate : Bootstrapping Spring Data JPA repositories in DEFAULT mode.
2025-01-09 15:01:50.114 [PROD] [GENIO]  INFO 11005 --- [main] .s.d.r.c.RepositoryConfigurationDelegate : Finished Spring Data repository scanning in 32 ms. Found 7 JPA repository interfaces.
2025-01-09 15:01:50.354 [PROD] [GENIO]  INFO 11005 --- [main] o.s.b.w.e.t.TomcatWebServer              : Tomcat initialized with port 8080 (http)
2025-01-09 15:01:50.361 [PROD] [GENIO]  INFO 11005 --- [main] o.a.c.h.Http11NioProtocol                : Initializing ProtocolHandler ["http-nio-8080"]
2025-01-09 15:01:50.362 [PROD] [GENIO]  INFO 11005 --- [main] o.a.c.c.StandardService                  : Starting service [Tomcat]
2025-01-09 15:01:50.362 [PROD] [GENIO]  INFO 11005 --- [main] o.a.c.c.StandardEngine                   : Starting Servlet engine: [Apache Tomcat/10.1.34]
2025-01-09 15:01:50.389 [PROD] [GENIO]  INFO 11005 --- [main] o.a.c.c.C.[.[.[/]                        : Initializing Spring embedded WebApplicationContext
2025-01-09 15:01:50.389 [PROD] [GENIO]  INFO 11005 --- [main] w.s.c.ServletWebServerApplicationContext : Root WebApplicationContext: initialization completed in 587 ms
2025-01-09 15:01:50.462 [PROD] [GENIO]  INFO 11005 --- [main] o.h.j.i.u.LogHelper                      : HHH000204: Processing PersistenceUnitInfo [name: default]
2025-01-09 15:01:50.486 [PROD] [GENIO]  INFO 11005 --- [main] o.h.Version                              : HHH000412: Hibernate ORM core version 6.6.4.Final
2025-01-09 15:01:50.501 [PROD] [GENIO]  INFO 11005 --- [main] o.h.c.i.RegionFactoryInitiator           : HHH000026: Second-level cache disabled
2025-01-09 15:01:50.631 [PROD] [GENIO]  INFO 11005 --- [main] o.s.o.j.p.SpringPersistenceUnitInfo      : No LoadTimeWeaver setup: ignoring JPA class transformer
2025-01-09 15:01:50.648 [PROD] [GENIO]  INFO 11005 --- [main] c.z.h.HikariDataSource                   : HikariPool-1 - Starting...
2025-01-09 15:01:50.808 [PROD] [GENIO]  INFO 11005 --- [main] c.z.h.p.HikariPool                       : HikariPool-1 - Added connection com.mysql.cj.jdbc.ConnectionImpl@93f15f6
2025-01-09 15:01:50.808 [PROD] [GENIO]  INFO 11005 --- [main] c.z.h.HikariDataSource                   : HikariPool-1 - Start completed.
2025-01-09 15:01:50.856 [PROD] [GENIO]  INFO 11005 --- [main] o.h.o.c.pooling                          : HHH10001005: Database info:
	Database JDBC URL [Connecting through datasource 'HikariDataSource (HikariPool-1)']
	Database driver: undefined/unknown
	Database version: 9.0.1
	Autocommit mode: undefined/unknown
	Isolation level: undefined/unknown
	Minimum pool size: undefined/unknown
	Maximum pool size: undefined/unknown
2025-01-09 15:01:51.355 [PROD] [GENIO]  INFO 11005 --- [main] o.h.e.t.j.p.i.JtaPlatformInitiator       : HHH000489: No JTA platform available (set 'hibernate.transaction.jta.platform' to enable JTA platform integration)
2025-01-09 15:01:51.408 [PROD] [GENIO]  INFO 11005 --- [main] j.LocalContainerEntityManagerFactoryBean : Initialized JPA EntityManagerFactory for persistence unit 'default'
2025-01-09 15:01:51.624 [PROD] [GENIO]  WARN 11005 --- [main] JpaBaseConfiguration$JpaWebConfiguration : spring.jpa.open-in-view is enabled by default. Therefore, database queries may be performed during view rendering. Explicitly configure spring.jpa.open-in-view to disable this warning
2025-01-09 15:01:51.946 [PROD] [GENIO]  INFO 11005 --- [main] o.a.c.h.Http11NioProtocol                : Starting ProtocolHandler ["http-nio-8080"]
2025-01-09 15:01:51.954 [PROD] [GENIO]  INFO 11005 --- [main] o.s.b.w.e.t.TomcatWebServer              : Tomcat started on port 8080 (http) with context path '/'
2025-01-09 15:01:51.962 [PROD] [GENIO]  INFO 11005 --- [main] c.g.GenioServiceApplication              : Started GenioServiceApplication in 2.344 seconds (process running for 2.84)
2025-01-09 15:01:51.978 [PROD] [GENIO]  INFO 11005 --- [main] c.g.GenioServiceApplication              : This is an INFO message
2025-01-09 15:01:51.978 [PROD] [GENIO]  WARN 11005 --- [main] c.g.GenioServiceApplication              : This is a WARN message
2025-01-09 15:01:51.978 [PROD] [GENIO] ERROR 11005 --- [main] c.g.GenioServiceApplication              : This is an ERROR message
2025-01-09 15:04:24.992 [PROD] [GENIO]  INFO 11005 --- [SpringApplicationShutdownHook] o.s.b.w.e.t.GracefulShutdown             : Commencing graceful shutdown. Waiting for active requests to complete
2025-01-09 15:04:24.998 [PROD] [GENIO]  INFO 11005 --- [tomcat-shutdown] o.s.b.w.e.t.GracefulShutdown             : Graceful shutdown complete
2025-01-09 15:04:25.001 [PROD] [GENIO]  INFO 11005 --- [SpringApplicationShutdownHook] j.LocalContainerEntityManagerFactoryBean : Closing JPA EntityManagerFactory for persistence unit 'default'
2025-01-09 15:04:25.003 [PROD] [GENIO]  INFO 11005 --- [SpringApplicationShutdownHook] c.z.h.HikariDataSource                   : HikariPool-1 - Shutdown initiated...
2025-01-09 15:04:25.007 [PROD] [GENIO]  INFO 11005 --- [SpringApplicationShutdownHook] c.z.h.HikariDataSource                   : HikariPool-1 - Shutdown completed.
