2025-01-09 14:26:35.599 [GENIO]  INFO 9871 --- [main] c.g.GenioServiceApplication              : L'application démarre...
2025-01-09 14:26:35.783 [GENIO]  INFO 9871 --- [background-preinit] o.h.v.i.u.Version                        : HV000001: Hibernate Validator 8.0.2.Final
2025-01-09 14:26:35.805 [GENIO]  INFO 9871 --- [main] c.g.GenioServiceApplication              : Starting GenioServiceApplication using Java 17.0.13 with PID 9871 (/Users/ehadjadj/Desktop/iut 3 eme annee/sae-remplcament/GenioService/target/classes started by ehadjadj in /Users/ehadjadj/Desktop/iut 3 eme annee/sae-remplcament/GenioService)
2025-01-09 14:26:35.807 [GENIO]  INFO 9871 --- [main] c.g.GenioServiceApplication              : The following 1 profile is active: "prod"
2025-01-09 14:26:36.122 [GENIO]  INFO 9871 --- [main] .s.d.r.c.RepositoryConfigurationDelegate : Bootstrapping Spring Data JPA repositories in DEFAULT mode.
2025-01-09 14:26:36.159 [GENIO]  INFO 9871 --- [main] .s.d.r.c.RepositoryConfigurationDelegate : Finished Spring Data repository scanning in 32 ms. Found 7 JPA repository interfaces.
2025-01-09 14:26:36.408 [GENIO]  INFO 9871 --- [main] o.s.b.w.e.t.TomcatWebServer              : Tomcat initialized with port 8080 (http)
2025-01-09 14:26:36.417 [GENIO]  INFO 9871 --- [main] o.a.c.h.Http11NioProtocol                : Initializing ProtocolHandler ["http-nio-8080"]
2025-01-09 14:26:36.418 [GENIO]  INFO 9871 --- [main] o.a.c.c.StandardService                  : Starting service [Tomcat]
2025-01-09 14:26:36.418 [GENIO]  INFO 9871 --- [main] o.a.c.c.StandardEngine                   : Starting Servlet engine: [Apache Tomcat/10.1.34]
2025-01-09 14:26:36.448 [GENIO]  INFO 9871 --- [main] o.a.c.c.C.[.[.[/]                        : Initializing Spring embedded WebApplicationContext
2025-01-09 14:26:36.448 [GENIO]  INFO 9871 --- [main] w.s.c.ServletWebServerApplicationContext : Root WebApplicationContext: initialization completed in 623 ms
2025-01-09 14:26:36.528 [GENIO]  INFO 9871 --- [main] o.h.j.i.u.LogHelper                      : HHH000204: Processing PersistenceUnitInfo [name: default]
2025-01-09 14:26:36.558 [GENIO]  INFO 9871 --- [main] o.h.Version                              : HHH000412: Hibernate ORM core version 6.6.4.Final
2025-01-09 14:26:36.575 [GENIO]  INFO 9871 --- [main] o.h.c.i.RegionFactoryInitiator           : HHH000026: Second-level cache disabled
2025-01-09 14:26:36.725 [GENIO]  INFO 9871 --- [main] o.s.o.j.p.SpringPersistenceUnitInfo      : No LoadTimeWeaver setup: ignoring JPA class transformer
2025-01-09 14:26:36.743 [GENIO]  INFO 9871 --- [main] c.z.h.HikariDataSource                   : HikariPool-1 - Starting...
2025-01-09 14:26:36.913 [GENIO]  INFO 9871 --- [main] c.z.h.p.HikariPool                       : HikariPool-1 - Added connection com.mysql.cj.jdbc.ConnectionImpl@570ed9c
2025-01-09 14:26:36.914 [GENIO]  INFO 9871 --- [main] c.z.h.HikariDataSource                   : HikariPool-1 - Start completed.
2025-01-09 14:26:36.970 [GENIO]  INFO 9871 --- [main] o.h.o.c.pooling                          : HHH10001005: Database info:
	Database JDBC URL [Connecting through datasource 'HikariDataSource (HikariPool-1)']
	Database driver: undefined/unknown
	Database version: 9.0.1
	Autocommit mode: undefined/unknown
	Isolation level: undefined/unknown
	Minimum pool size: undefined/unknown
	Maximum pool size: undefined/unknown
2025-01-09 14:26:37.463 [GENIO]  INFO 9871 --- [main] o.h.e.t.j.p.i.JtaPlatformInitiator       : HHH000489: No JTA platform available (set 'hibernate.transaction.jta.platform' to enable JTA platform integration)
2025-01-09 14:26:37.522 [GENIO]  INFO 9871 --- [main] j.LocalContainerEntityManagerFactoryBean : Initialized JPA EntityManagerFactory for persistence unit 'default'
2025-01-09 14:26:37.743 [GENIO]  WARN 9871 --- [main] JpaBaseConfiguration$JpaWebConfiguration : spring.jpa.open-in-view is enabled by default. Therefore, database queries may be performed during view rendering. Explicitly configure spring.jpa.open-in-view to disable this warning
2025-01-09 14:26:38.064 [GENIO]  INFO 9871 --- [main] o.a.c.h.Http11NioProtocol                : Starting ProtocolHandler ["http-nio-8080"]
2025-01-09 14:26:38.072 [GENIO]  INFO 9871 --- [main] o.s.b.w.e.t.TomcatWebServer              : Tomcat started on port 8080 (http) with context path '/'
2025-01-09 14:26:38.079 [GENIO]  INFO 9871 --- [main] c.g.GenioServiceApplication              : Started GenioServiceApplication in 2.437 seconds (process running for 2.953)
2025-01-09 14:26:38.098 [GENIO]  INFO 9871 --- [main] c.g.GenioServiceApplication              : This is an INFO message
2025-01-09 14:26:38.098 [GENIO]  WARN 9871 --- [main] c.g.GenioServiceApplication              : This is a WARN message
2025-01-09 14:26:38.098 [GENIO] ERROR 9871 --- [main] c.g.GenioServiceApplication              : This is an ERROR message
2025-01-09 14:28:50.952 [GENIO]  INFO 9871 --- [SpringApplicationShutdownHook] o.s.b.w.e.t.GracefulShutdown             : Commencing graceful shutdown. Waiting for active requests to complete
2025-01-09 14:28:50.957 [GENIO]  INFO 9871 --- [tomcat-shutdown] o.s.b.w.e.t.GracefulShutdown             : Graceful shutdown complete
2025-01-09 14:28:50.960 [GENIO]  INFO 9871 --- [SpringApplicationShutdownHook] j.LocalContainerEntityManagerFactoryBean : Closing JPA EntityManagerFactory for persistence unit 'default'
2025-01-09 14:28:50.961 [GENIO]  INFO 9871 --- [SpringApplicationShutdownHook] c.z.h.HikariDataSource                   : HikariPool-1 - Shutdown initiated...
2025-01-09 14:28:50.965 [GENIO]  INFO 9871 --- [SpringApplicationShutdownHook] c.z.h.HikariDataSource                   : HikariPool-1 - Shutdown completed.
